[2026-03-04 16:48:36 ERR] Microsoft.EntityFrameworkCore.Database.Connection An error occurred using the connection to database 'reservation' on server 'tcp://localhost:5432'.
[2026-03-04 16:48:38 INF] Microsoft.EntityFrameworkCore.Migrations Applying migration '20260228084929_InitialCreate'.
[2026-03-04 16:48:38 INF] Microsoft.EntityFrameworkCore.Migrations Applying migration '20260302105446_UpdateModelChanges'.
[2026-03-04 16:48:39 INF] Microsoft.Hosting.Lifetime Now listening on: http://localhost:5191
[2026-03-04 16:48:39 INF] Microsoft.Hosting.Lifetime Application started. Press Ctrl+C to shut down.
[2026-03-04 16:48:39 INF] Microsoft.Hosting.Lifetime Hosting environment: Development
[2026-03-04 16:48:39 INF] Microsoft.Hosting.Lifetime Content root path: C:\PROJECTS\Reservation\api
[2026-03-04 16:49:02 INF] Microsoft.Hosting.Lifetime Application is shutting down...
[2026-03-04 16:56:14 ERR] Microsoft.EntityFrameworkCore.Database.Connection An error occurred using the connection to database 'reservation' on server 'tcp://localhost:5432'.
[2026-03-04 16:56:14 INF] Microsoft.EntityFrameworkCore.Migrations Applying migration '20260228084929_InitialCreate'.
[2026-03-04 16:56:14 INF] Microsoft.EntityFrameworkCore.Migrations Applying migration '20260302105446_UpdateModelChanges'.
[2026-03-04 16:56:15 INF] Microsoft.Hosting.Lifetime Now listening on: http://localhost:5191
[2026-03-04 16:56:15 INF] Microsoft.Hosting.Lifetime Application started. Press Ctrl+C to shut down.
[2026-03-04 16:56:15 INF] Microsoft.Hosting.Lifetime Hosting environment: Development
[2026-03-04 16:56:15 INF] Microsoft.Hosting.Lifetime Content root path: C:\PROJECTS\Reservation\api
[2026-03-04 16:56:29 INF] Microsoft.Hosting.Lifetime Application is shutting down...
[2026-03-04 16:56:36 ERR] Microsoft.EntityFrameworkCore.Database.Connection An error occurred using the connection to database 'reservation' on server 'tcp://localhost:5432'.
[2026-03-04 16:56:36 INF] Microsoft.EntityFrameworkCore.Migrations Applying migration '20260228084929_InitialCreate'.
[2026-03-04 16:56:36 INF] Microsoft.EntityFrameworkCore.Migrations Applying migration '20260302105446_UpdateModelChanges'.
[2026-03-04 16:56:37 INF] Microsoft.Hosting.Lifetime Now listening on: http://localhost:5191
[2026-03-04 16:56:37 INF] Microsoft.Hosting.Lifetime Application started. Press Ctrl+C to shut down.
[2026-03-04 16:56:37 INF] Microsoft.Hosting.Lifetime Hosting environment: Development
[2026-03-04 16:56:37 INF] Microsoft.Hosting.Lifetime Content root path: C:\PROJECTS\Reservation\api
[2026-03-04 17:04:59 INF] Microsoft.Hosting.Lifetime Application is shutting down...
[2026-03-04 17:33:00 ERR] Microsoft.EntityFrameworkCore.Database.Connection An error occurred using the connection to database 'reservation' on server 'tcp://localhost:5432'.
[2026-03-04 17:33:02 INF] Microsoft.EntityFrameworkCore.Migrations Applying migration '20260228084929_InitialCreate'.
[2026-03-04 17:33:02 INF] Microsoft.EntityFrameworkCore.Migrations Applying migration '20260302105446_UpdateModelChanges'.
[2026-03-04 17:33:05 INF] Microsoft.Hosting.Lifetime Now listening on: http://localhost:5191
[2026-03-04 17:33:05 INF] Microsoft.Hosting.Lifetime Application started. Press Ctrl+C to shut down.
[2026-03-04 17:33:05 INF] Microsoft.Hosting.Lifetime Hosting environment: Development
[2026-03-04 17:33:05 INF] Microsoft.Hosting.Lifetime Content root path: C:\PROJECTS\Reservation\api
[2026-03-04 17:33:25 INF] Serilog.AspNetCore.RequestLoggingMiddleware HTTP GET /api/categories responded 200 in 526.8465 ms
[2026-03-04 17:33:27 INF] Serilog.AspNetCore.RequestLoggingMiddleware HTTP GET /api/categories responded 200 in 18.6628 ms
[2026-03-04 17:34:46 INF] Microsoft.Hosting.Lifetime Application is shutting down...
[2026-03-04 17:37:05 ERR] Microsoft.EntityFrameworkCore.Database.Connection An error occurred using the connection to database 'reservation' on server 'tcp://localhost:5432'.
[2026-03-04 17:37:07 INF] Microsoft.EntityFrameworkCore.Migrations Applying migration '20260228084929_InitialCreate'.
[2026-03-04 17:37:07 INF] Microsoft.EntityFrameworkCore.Migrations Applying migration '20260302105446_UpdateModelChanges'.
[2026-03-04 17:37:08 INF] Microsoft.Hosting.Lifetime Now listening on: http://localhost:5191
[2026-03-04 17:37:08 INF] Microsoft.Hosting.Lifetime Application started. Press Ctrl+C to shut down.
[2026-03-04 17:37:08 INF] Microsoft.Hosting.Lifetime Hosting environment: Development
[2026-03-04 17:37:08 INF] Microsoft.Hosting.Lifetime Content root path: C:\PROJECTS\Reservation\api
[2026-03-04 17:37:12 INF] Serilog.AspNetCore.RequestLoggingMiddleware HTTP GET /health responded 200 in 352.9140 ms
[2026-03-04 17:37:12 INF] Serilog.AspNetCore.RequestLoggingMiddleware HTTP GET /favicon.ico responded 404 in 2.9434 ms
[2026-03-04 17:37:38 INF] Microsoft.Hosting.Lifetime Application is shutting down...
